Traceback (most recent call last):
  File "/home/timothyprojectinfo/.local/lib/python3.9/site-packages/jupyter_cache/executors/utils.py", line 58, in single_nb_execution
    executenb(
  File "/home/timothyprojectinfo/.local/lib/python3.9/site-packages/nbclient/client.py", line 1305, in execute
    return NotebookClient(nb=nb, resources=resources, km=km, **kwargs).execute()
  File "/usr/local/lib/python3.9/dist-packages/jupyter_core/utils/__init__.py", line 166, in wrapped
    return loop.run_until_complete(inner)
  File "/usr/lib/python3.9/asyncio/base_events.py", line 642, in run_until_complete
    return future.result()
  File "/home/timothyprojectinfo/.local/lib/python3.9/site-packages/nbclient/client.py", line 705, in async_execute
    await self.async_execute_cell(
  File "/home/timothyprojectinfo/.local/lib/python3.9/site-packages/nbclient/client.py", line 1058, in async_execute_cell
    await self._check_raise_for_error(cell, cell_index, exec_reply)
  File "/home/timothyprojectinfo/.local/lib/python3.9/site-packages/nbclient/client.py", line 914, in _check_raise_for_error
    raise CellExecutionError.from_cell_and_msg(cell, exec_reply_content)
nbclient.exceptions.CellExecutionError: An error occurred while executing the following cell:
------------------
import sympy as sp

# Prompt the user to input the function f(x) and the constant a
expression_str = input("Enter the function f(x): ")
a = float(input("Enter the constant a: "))

# Define the variable x and the function f(x)
x = sp.symbols('x')
f_x = sp.sympify(expression_str)

# Calculate the limit of f(x) as x approaches a
limit_result = sp.limit(f_x, x, a)

# Print the result
print("The limit of f(x) as x approaches", a, "is:", limit_result)
------------------


[0;31m---------------------------------------------------------------------------[0m
[0;31mModuleNotFoundError[0m                       Traceback (most recent call last)
Cell [0;32mIn[1], line 1[0m
[0;32m----> 1[0m [38;5;28;01mimport[39;00m [38;5;21;01msympy[39;00m [38;5;28;01mas[39;00m [38;5;21;01msp[39;00m
[1;32m      3[0m [38;5;66;03m# Prompt the user to input the function f(x) and the constant a[39;00m
[1;32m      4[0m expression_str [38;5;241m=[39m [38;5;28minput[39m([38;5;124m"[39m[38;5;124mEnter the function f(x): [39m[38;5;124m"[39m)

[0;31mModuleNotFoundError[0m: No module named 'sympy'

